<?xml version="1.0" encoding="UTF-8"?>
<!-- Generated by org.testng.reporters.JUnitXMLReporter -->
<testsuite ignored="0" hostname="DESKTOP-MMP14QM" failures="1" tests="2" name="Surefire test" time="18.381" errors="0" timestamp="2025-04-04T17:06:56 IST">
  <testcase classname="io.cucumber.testng.AbstractTestNGCucumberTests" name="runScenario" time="15.769"/>
  <testcase classname="io.cucumber.testng.AbstractTestNGCucumberTests" name="runScenario" time="15.764">
    <failure type="java.lang.AssertionError" message="expected [Beetroot] but found [No data]">
      <![CDATA[java.lang.AssertionError: expected [Beetroot] but found [No data]
at StepDefinitions.OffersPageStepDefinition.validate_product_name_in_offers_page(OffersPageStepDefinition.java:57)
at ✽.validate product name in offers page matches with Landing page(file:///C:/Users/lenovo/eclipse-workspace/CucumberFrameWork/src/test/java/featuress/SearchProduct.feature:9)
... Removed 6 stack frames]]>
    </failure>
  </testcase> <!-- runScenario -->
</testsuite> <!-- Surefire test -->
