-------------------------------------------------------------------------------
Test set: TestSuite
-------------------------------------------------------------------------------
Tests run: 2, Failures: 1, Errors: 0, Skipped: 0, Time elapsed: 19.601 s <<< FAILURE! - in TestSuite
CucumberOptions.TestNGTestRunner.runScenario["Search Experience for Product search in both home page and offers page", "Search and Place the order for Products"](2)  Time elapsed: 15.761 s  <<< FAILURE!
java.lang.AssertionError: expected [Beetroot] but found [No data]

