<?xml version="1.0" encoding="UTF-8"?>
<!-- Generated by org.testng.reporters.JUnitReportReporter -->
<testsuite hostname="DESKTOP-MMP14QM" failures="1" tests="1" name="CucumberOptions.FailedTestNGTestRunner" time="14.507" errors="0" timestamp="2025-04-04T12:56:18 IST" skipped="0">
  <testcase classname="CucumberOptions.FailedTestNGTestRunner" name="runScenario" time="14.507">
    <failure message="expected [Beetroot] but found [No data]" type="java.lang.AssertionError">
      <![CDATA[java.lang.AssertionError: expected [Beetroot] but found [No data]
at org.testng.Assert.fail(Assert.java:111)
at org.testng.Assert.failNotEquals(Assert.java:1578)
at org.testng.Assert.assertEqualsImpl(Assert.java:150)
at org.testng.Assert.assertEquals(Assert.java:132)
at org.testng.Assert.assertEquals(Assert.java:656)
at org.testng.Assert.assertEquals(Assert.java:666)
at StepDefinitions.OffersPageStepDefinition.validate_product_name_in_offers_page(OffersPageStepDefinition.java:57)
at ✽.validate product name in offers page matches with Landing page(file:///C:/Users/lenovo/eclipse-workspace/CucumberFrameWork/src/test/java/featuress/SearchProduct.feature:9)
]]>
    </failure>
  </testcase> <!-- runScenario -->
</testsuite> <!-- CucumberOptions.FailedTestNGTestRunner -->
